<?xml version="1.0" encoding="UTF-8"?>
<testng-results skipped="0" failed="0" total="1" passed="1">
  <reporter-output>
  </reporter-output>
  <suite name="Default suite" duration-ms="15411" started-at="2018-10-18T00:52:52Z" finished-at="2018-10-18T00:53:08Z">
    <groups>
    </groups>
    <test name="Default test" duration-ms="15411" started-at="2018-10-18T00:52:52Z" finished-at="2018-10-18T00:53:08Z">
      <class name="com.simpleautomation.tests.sampleTest">
        <test-method status="PASS" signature="launchBrowser()[pri:0, instance:com.simpleautomation.tests.sampleTest@53b32d7]" name="launchBrowser" is-config="true" duration-ms="12845" started-at="2018-10-18T06:22:52Z" finished-at="2018-10-18T06:23:05Z">
          <reporter-output>
          </reporter-output>
        </test-method> <!-- launchBrowser -->
        <test-method status="PASS" signature="FirstTest()[pri:0, instance:com.simpleautomation.tests.sampleTest@53b32d7]" name="FirstTest" duration-ms="238" started-at="2018-10-18T06:23:05Z" finished-at="2018-10-18T06:23:06Z">
          <reporter-output>
          </reporter-output>
        </test-method> <!-- FirstTest -->
        <test-method status="PASS" signature="closeAll()[pri:0, instance:com.simpleautomation.tests.sampleTest@53b32d7]" name="closeAll" is-config="true" duration-ms="2314" started-at="2018-10-18T06:23:06Z" finished-at="2018-10-18T06:23:08Z">
          <reporter-output>
          </reporter-output>
        </test-method> <!-- closeAll -->
      </class> <!-- com.simpleautomation.tests.sampleTest -->
    </test> <!-- Default test -->
  </suite> <!-- Default suite -->
</testng-results>
